\BOOKMARK [1][-]{section.1}{\376\377\000I\000n\000t\000r\000o\000d\000u\000c\000t\000i\000o\000n}{}% 1
\BOOKMARK [2][-]{subsection.1.1}{\376\377\000P\000r\000e\000v\000i\000o\000u\000s\000\040\000w\000o\000r\000k\000s\000\040\000a\000n\000d\000\040\000l\000i\000m\000i\000t\000a\000t\000i\000o\000n\000s}{section.1}% 2
\BOOKMARK [2][-]{subsection.1.2}{\376\377\000O\000u\000r\000\040\000c\000o\000n\000t\000r\000i\000b\000u\000t\000i\000o\000n\000s}{section.1}% 3
\BOOKMARK [1][-]{section.2}{\376\377\000B\000a\000c\000k\000g\000r\000o\000u\000n\000d\000\040\000o\000n\000\040\000p\000a\000r\000t\000i\000a\000l\000\040\000l\000e\000a\000s\000t\000\040\000s\000q\000u\000a\000r\000e\000s\000\040\000a\000n\000d\000\040\000i\000t\000s\000\040\000e\000x\000t\000e\000n\000s\000i\000o\000n\000\040\000t\000o\000\040\000h\000y\000b\000r\000i\000d\000\040\000p\000r\000e\000d\000i\000c\000t\000o\000r\000s}{}% 4
\BOOKMARK [1][-]{section.3}{\376\377\000P\000r\000o\000p\000o\000s\000e\000d\000\040\000P\000L\000S\000\040\000A\000l\000g\000o\000r\000i\000t\000h\000m}{}% 5
\BOOKMARK [2][-]{subsection.3.1}{\376\377\000P\000r\000e\000l\000i\000m\000i\000n\000a\000r\000y\000\040\000s\000t\000e\000p\000\040\0001\000:\000\040\000f\000i\000n\000i\000t\000e\000-\000b\000a\000s\000i\000s\000\040\000a\000p\000p\000r\000o\000x\000i\000m\000a\000t\000i\000o\000n}{section.3}% 6
\BOOKMARK [2][-]{subsection.3.2}{\376\377\000P\000r\000e\000l\000i\000m\000i\000n\000a\000r\000y\000\040\000s\000t\000e\000p\000\040\0002\000\040\000:\000\040\000d\000a\000t\000a\000\040\000p\000r\000e\000p\000r\000o\000c\000e\000s\000s\000i\000n\000g}{section.3}% 7
\BOOKMARK [2][-]{subsection.3.3}{\376\377\000I\000t\000e\000r\000a\000t\000i\000v\000e\000\040\000s\000t\000e\000p\000s}{section.3}% 8
\BOOKMARK [3][-]{subsubsection.3.3.1}{\376\377\000I\000t\000e\000r\000a\000t\000i\000v\000e\000\040\000s\000t\000e\000p\000\040\0001\000:\000\040\000r\000e\000g\000u\000l\000a\000r\000i\000z\000e\000d\000\040\000e\000s\000t\000i\000m\000a\000t\000i\000o\000n\000\040\000o\000f\000\040\000P\000L\000S\000\040\000c\000o\000m\000p\000o\000n\000e\000n\000t\000\040\000d\000i\000r\000e\000c\000t\000i\000o\000n}{subsection.3.3}% 9
\BOOKMARK [3][-]{subsubsection.3.3.2}{\376\377\000I\000t\000e\000r\000a\000t\000i\000v\000e\000\040\000s\000t\000e\000p\000\040\0002\000:\000\040\000r\000e\000s\000i\000d\000u\000a\000l\000i\000z\000a\000t\000i\000o\000n\000\040\000v\000i\000a\000\040\000h\000y\000b\000r\000i\000d\000-\000o\000n\000-\000s\000c\000a\000l\000a\000r\000\040\000r\000e\000g\000r\000e\000s\000s\000i\000o\000n}{subsection.3.3}% 10
\BOOKMARK [2][-]{subsection.3.4}{\376\377\000F\000i\000n\000a\000l\000\040\000s\000t\000e\000p\000:\000\040\000e\000s\000t\000i\000m\000a\000t\000i\000n\000g\000\040\000t\000h\000e\000\040\000h\000y\000b\000r\000i\000d\000\040\000r\000e\000g\000r\000e\000s\000s\000i\000o\000n\000\040\000c\000o\000e\000f\000f\000i\000c\000i\000e\000n\000t}{section.3}% 11
\BOOKMARK [1][-]{section.4}{\376\377\000P\000r\000o\000p\000e\000r\000t\000i\000e\000s\000\040\000o\000f\000\040\000t\000h\000e\000\040\000h\000y\000b\000r\000i\000d\000\040\000P\000L\000S}{}% 12
\BOOKMARK [2][-]{subsection.4.1}{\376\377\000\040\000T\000u\000c\000k\000e\000r\000'\000s\000\040\000C\000r\000i\000t\000e\000r\000i\000o\000n\000\040}{section.4}% 13
\BOOKMARK [2][-]{subsection.4.2}{\376\377\000G\000e\000o\000m\000e\000t\000r\000i\000c\000\040\000p\000r\000o\000p\000e\000r\000t\000i\000e\000s}{section.4}% 14
\BOOKMARK [1][-]{section.5}{\376\377\000S\000i\000m\000u\000l\000a\000t\000i\000o\000n\000\040\000s\000t\000u\000d\000i\000e\000s}{}% 15
\BOOKMARK [2][-]{subsection.5.1}{\376\377\000S\000i\000m\000u\000l\000a\000t\000i\000o\000n\000\040\000s\000h\000o\000w\000n\000\040\000i\000n\000\040\000f\000e\000b\000r\000u\000a\000r\000y\000\040\0002\0000\0002\0005\000\040\000m\000e\000e\000t\000i\000n\000g}{section.5}% 16
\BOOKMARK [1][-]{section.6}{\376\377\000D\000a\000t\000a\000\040\000A\000p\000p\000l\000i\000c\000a\000t\000i\000o\000n}{}% 17
\BOOKMARK [2][-]{subsection.6.1}{}{section.6}% 18
\BOOKMARK [1][-]{section*.5}{\376\377\000A\000c\000k\000n\000o\000w\000l\000e\000d\000g\000m\000e\000n\000t\000s}{}% 19
\BOOKMARK [1][-]{section*.7}{\376\377\000F\000u\000n\000d\000i\000n\000g}{}% 20
\BOOKMARK [1][-]{section*.9}{\376\377\000S\000u\000p\000p\000l\000e\000m\000e\000n\000t\000a\000r\000y\000\040\000M\000a\000t\000e\000r\000i\000a\000l}{}% 21
\BOOKMARK [1][-]{section*.11}{\376\377\000R\000e\000f\000e\000r\000e\000n\000c\000e\000s}{}% 22
\BOOKMARK [1][-]{appendix.A}{\376\377\000O\000v\000e\000r\000v\000i\000e\000w\000\040\000o\000f\000\040\000A\000p\000p\000e\000n\000d\000i\000x}{}% 23
\BOOKMARK [1][-]{appendix.B}{\376\377\000P\000r\000o\000o\000f\000\040\000o\000f\000\040\000L\000e\000m\000m\000a\000\040\0003\000.\0002}{}% 24
\BOOKMARK [1][-]{appendix.C}{\376\377\000P\000r\000o\000o\000f\000\040\000o\000f\000\040\000S\000e\000c\000t\000i\000o\000n\000\040\0003\000.\0003}{}% 25
\BOOKMARK [2][-]{subsection.C.1}{\376\377\000P\000r\000o\000o\000f\000\040\000o\000f\000\040\000P\000r\000o\000p\000o\000s\000i\000t\000i\000o\000n\000\040\0003\000.\0004\000\040}{appendix.C}% 26
\BOOKMARK [2][-]{subsection.C.2}{\376\377\000P\000r\000o\000o\000f\000\040\000o\000f\000\040\000P\000r\000o\000p\000o\000s\000i\000t\000i\000o\000n\000\040\0003\000.\0005\000\040}{appendix.C}% 27
\BOOKMARK [2][-]{subsection.C.3}{\376\377\000P\000r\000o\000o\000f\000\040\000o\000f\000\040\000P\000r\000o\000p\000o\000s\000i\000t\000i\000o\000n\000\040\0003\000.\0006}{appendix.C}% 28
\BOOKMARK [2][-]{subsection.C.4}{\376\377\000P\000r\000o\000o\000f\000\040\000o\000f\000\040\000L\000e\000m\000m\000a\000\040\0003\000.\0007\000\040}{appendix.C}% 29
\BOOKMARK [1][-]{appendix.D}{\376\377\000P\000r\000o\000o\000f\000\040\000o\000f\000\040\000L\000e\000m\000m\000a\000\040\0003\000.\0008}{}% 30
\BOOKMARK [1][-]{appendix.E}{\376\377\000P\000r\000o\000o\000f\000\040\000o\000f\000\040\000S\000e\000c\000t\000i\000o\000n\000\040\0004\000.\0001}{}% 31
\BOOKMARK [2][-]{subsection.E.1}{\376\377\000P\000r\000o\000o\000f\000\040\000o\000f\000\040\000L\000e\000m\000m\000a\000\040\0004\000.\0001\000\040}{appendix.E}% 32
\BOOKMARK [2][-]{subsection.E.2}{\376\377\000P\000r\000o\000o\000f\000\040\000o\000f\000\040\000L\000e\000m\000m\000a\000\040\0004\000.\0002}{appendix.E}% 33
\BOOKMARK [2][-]{subsection.E.3}{\376\377\000P\000r\000o\000o\000f\000\040\000o\000f\000\040\000L\000e\000m\000m\000a\000\040\0004\000.\0003}{appendix.E}% 34
\BOOKMARK [2][-]{subsection.E.4}{\376\377\000P\000r\000o\000o\000f\000\040\000o\000f\000\040\000T\000h\000e\000o\000r\000e\000m\000\040\0004\000.\0004}{appendix.E}% 35
\BOOKMARK [1][-]{appendix.F}{\376\377\000P\000r\000o\000o\000f\000\040\000o\000f\000\040\000c\000o\000n\000s\000i\000s\000t\000e\000n\000c\000y}{}% 36
\BOOKMARK [2][-]{subsection.F.1}{\376\377\000\040\000P\000r\000o\000o\000f\000\040\000o\000f\000\040\000L\000e\000m\000m\000a\000\040\0004\000.\0005\000\040}{appendix.F}% 37
\BOOKMARK [2][-]{subsection.F.2}{\376\377\000P\000r\000o\000o\000f\000\040\000o\000f\000\040\000L\000e\000m\000m\000a\000\040\0004\000.\0006\000\040}{appendix.F}% 38
\BOOKMARK [2][-]{subsection.F.3}{\376\377\000P\000r\000o\000o\000f\000\040\000o\000f}{appendix.F}% 39
\BOOKMARK [2][-]{subsection.F.4}{\376\377\000P\000r\000o\000o\000f\000\040\000o\000f\000\040\000P\000r\000o\000p\000o\000s\000i\000t\000i\000o\000n\000\040\0004\000.\0007}{appendix.F}% 40
\BOOKMARK [3][-]{paragraph.F.4.0.1}{\376\377\000B\000a\000s\000e\000\040\000C\000a\000s\000e\000\040\000\050\000=\0001\000\051\000:}{subsection.F.4}% 41
\BOOKMARK [2][-]{subsection.F.5}{\376\377\000P\000r\000o\000o\000f\000\040\000o\000f\000\040\000P\000r\000o\000p\000o\000s\000i\000t\000i\000o\000n\000\040\0004\000.\0008}{appendix.F}% 42
\BOOKMARK [3][-]{paragraph.F.5.0.1}{\376\377\0001\000.\0001\000\040\000O\000r\000t\000h\000o\000n\000o\000r\000m\000a\000l\000i\000t\000y\000\040\000t\000h\000r\000o\000u\000g\000h\000\040\000R\000e\000s\000i\000d\000u\000a\000l\000i\000z\000a\000t\000i\000o\000n}{subsection.F.5}% 43
\BOOKMARK [4][-]{paragraph.F.5.0.2}{\376\377\0001\000.\0002\000\040\000C\000o\000m\000p\000l\000e\000t\000e\000n\000e\000s\000s}{paragraph.F.5.0.1}% 44
\BOOKMARK [2][-]{subsection.F.6}{\376\377\000P\000r\000o\000o\000f\000\040\000o\000f\000\040\000P\000r\000o\000p\000o\000s\000i\000t\000i\000o\000n\000\040\0004\000.\0001\0000}{appendix.F}% 45
\BOOKMARK [2][-]{subsection.F.7}{\376\377\000P\000r\000o\000o\000f\000\040\000o\000f\000\040\000P\000r\000o\000p\000o\000s\000i\000t\000i\000o\000n\000\040\0004\000.\0001\0001}{appendix.F}% 46
\BOOKMARK [2][-]{subsection.F.8}{\376\377\000P\000r\000o\000o\000f\000\040\000o\000f\000\040\000T\000h\000e\000o\000r\000e\000m\000\040\0004\000.\0001\0002}{appendix.F}% 47
\BOOKMARK [1][-]{appendix.G}{\376\377\000P\000r\000o\000o\000f\000\040\000o\000f\000\040\000g\000e\000o\000m\000e\000t\000r\000i\000c\000\040\000p\000r\000o\000p\000e\000r\000t\000i\000e\000s}{}% 48
\BOOKMARK [2][-]{subsection.G.1}{\376\377\000P\000r\000o\000o\000f\000\040\000o\000f\000\040\000P\000r\000o\000p\000o\000s\000i\000t\000i\000o\000n\000\040\0004\000.\0001\0004}{appendix.G}% 49
\BOOKMARK [2][-]{subsection.G.2}{\376\377\000P\000r\000o\000o\000f\000\040\000o\000f\000\040\000P\000r\000o\000p\000o\000s\000i\000t\000i\000o\000n\000\040\0004\000.\0001\0005}{appendix.G}% 50
